<?xml version="1.0" encoding="UTF-8"?>
<!-- Generated by org.testng.reporters.JUnitReportReporter -->
<testsuite skipped="0" hostname="C100-17" name="data.DataDriven" tests="3" failures="0" timestamp="02 Oct 2018 04:57:09 GMT" time="75.506" errors="0">
  <testcase name="test" time="22.991" classname="data.DataDriven"/>
  <testcase name="test" time="28.557" classname="data.DataDriven"/>
  <testcase name="test" time="23.958" classname="data.DataDriven"/>
</testsuite> <!-- data.DataDriven -->
