<?xml version="1.0" encoding="UTF-8"?>
<!-- Generated by org.testng.reporters.JUnitReportReporter -->
<testsuite skipped="0" hostname="C100-17" name="data.WriteExcel" tests="1" failures="0" timestamp="02 Oct 2018 06:42:46 GMT" time="0.260" errors="0">
  <testcase name="readExcelFile" time="0.260" classname="data.WriteExcel"/>
</testsuite> <!-- data.WriteExcel -->
