<?xml version="1.0" encoding="UTF-8"?>
<!-- Generated by org.testng.reporters.JUnitReportReporter -->
<testsuite skipped="0" hostname="C100-17" name="data.Login" tests="6" failures="0" timestamp="03 Oct 2018 05:12:25 GMT" time="153.750" errors="0">
  <testcase name="valid_invalid_login" time="24.346" classname="data.Login"/>
  <testcase name="valid_invalid_login" time="24.065" classname="data.Login"/>
  <testcase name="valid_invalid_login" time="26.407" classname="data.Login"/>
  <testcase name="valid_invalid_login" time="27.216" classname="data.Login"/>
  <testcase name="valid_invalid_login" time="24.711" classname="data.Login"/>
  <testcase name="valid_invalid_login" time="27.005" classname="data.Login"/>
</testsuite> <!-- data.Login -->
