<?xml version="1.0" encoding="UTF-8"?>
<!-- Generated by org.testng.reporters.JUnitReportReporter -->
<testsuite skipped="0" hostname="C100-17" name="data.DDE1" tests="2" failures="0" timestamp="02 Oct 2018 05:28:17 GMT" time="48.273" errors="0">
  <testcase name="test" time="24.869" classname="data.DDE1"/>
  <testcase name="test" time="23.404" classname="data.DDE1"/>
</testsuite> <!-- data.DDE1 -->
