<?xml version="1.0" encoding="UTF-8"?>
<!-- Generated by org.testng.reporters.JUnitReportReporter -->
<testsuite skipped="0" hostname="C100-17" name="data.ExcelFor" tests="1" failures="0" timestamp="02 Oct 2018 10:39:29 GMT" time="0.183" errors="0">
  <testcase name="test" time="0.183" classname="data.ExcelFor"/>
</testsuite> <!-- data.ExcelFor -->
