<?xml version="1.0" encoding="UTF-8"?>
<!-- Generated by org.testng.reporters.JUnitReportReporter -->
<testsuite skipped="0" hostname="C100-17" name="checkbox.CheckBoxSelect" tests="1" failures="0" timestamp="19 Jun 2018 07:01:20 GMT" time="4.801" errors="0">
  <testcase name="ischeckboxisMultiple" time="4.801" classname="checkbox.CheckBoxSelect"/>
</testsuite> <!-- checkbox.CheckBoxSelect -->
