<?xml version="1.0" encoding="UTF-8"?>
<!-- Generated by org.testng.reporters.JUnitReportReporter -->
<testsuite skipped="0" hostname="C100-17" name="Synchronization.Demo" tests="1" failures="0" timestamp="31 May 2018 07:14:33 GMT" time="10.818" errors="0">
  <testcase name="run" time="10.818" classname="Synchronization.Demo"/>
</testsuite> <!-- Synchronization.Demo -->
