<?xml version="1.0" encoding="UTF-8"?>
<!-- Generated by org.testng.reporters.JUnitReportReporter -->
<testsuite skipped="0" hostname="C100-17" name="testt.CapturedScreenShot" tests="1" failures="0" timestamp="28 May 2018 12:00:39 GMT" time="13.467" errors="0">
  <testcase name="screenShot" time="13.467" classname="testt.CapturedScreenShot"/>
</testsuite> <!-- testt.CapturedScreenShot -->
