<?xml version="1.0" encoding="UTF-8"?>
<!-- Generated by org.testng.reporters.JUnitReportReporter -->
<testsuite skipped="0" hostname="C100-17" name="stoaredcookies.StoaredCookiesInfo" tests="1" failures="0" timestamp="01 Jun 2018 11:57:59 GMT" time="12.244" errors="0">
  <testcase name="cookies_read" time="12.244" classname="stoaredcookies.StoaredCookiesInfo"/>
</testsuite> <!-- stoaredcookies.StoaredCookiesInfo -->
