<?xml version="1.0" encoding="UTF-8"?>
<!-- Generated by org.testng.reporters.JUnitReportReporter -->
<testsuite skipped="0" hostname="C100-17" name="testng.TestNgDemo" tests="5" failures="0" timestamp="25 Jun 2018 11:16:54 GMT" time="8.424" errors="0">
  <testcase name="search_click1" time="0.012" classname="testng.TestNgDemo"/>
  <testcase name="search_click2" time="0.003" classname="testng.TestNgDemo"/>
  <testcase name="search_click3" time="0.008" classname="testng.TestNgDemo"/>
  <testcase name="search_content" time="8.310" classname="testng.TestNgDemo"/>
  <testcase name="search_click" time="0.091" classname="testng.TestNgDemo"/>
</testsuite> <!-- testng.TestNgDemo -->
