<?xml version="1.0" encoding="UTF-8"?>
<!-- Generated by org.testng.reporters.JUnitReportReporter -->
<testsuite skipped="0" hostname="C100-17" name="pom.testcases.VerifyLogin" tests="1" failures="0" timestamp="22 May 2018 11:33:31 GMT" time="7.368" errors="0">
  <testcase name="verify_Login" time="7.368" classname="pom.testcases.VerifyLogin"/>
</testsuite> <!-- pom.testcases.VerifyLogin -->
