<?xml version="1.0" encoding="UTF-8"?>
<!-- Generated by org.testng.reporters.JUnitReportReporter -->
<testsuite skipped="0" hostname="C100-17" name="testt.ScreenShot" tests="1" failures="0" timestamp="28 May 2018 12:17:38 GMT" time="8.056" errors="0">
  <testcase name="main" time="8.056" classname="testt.ScreenShot"/>
</testsuite> <!-- testt.ScreenShot -->
