<?xml version="1.0" encoding="UTF-8"?>
<!-- Generated by org.testng.reporters.JUnitReportReporter -->
<testsuite skipped="0" hostname="C100-17" name="data.driven.Google" tests="3" failures="0" timestamp="23 Jul 2018 05:57:29 GMT" time="27.948" errors="0">
  <testcase name="search" time="8.040" classname="data.driven.Google"/>
  <testcase name="search" time="8.914" classname="data.driven.Google"/>
  <testcase name="search" time="10.994" classname="data.driven.Google"/>
</testsuite> <!-- data.driven.Google -->
