<?xml version="1.0" encoding="UTF-8"?>
<!-- Generated by org.testng.reporters.JUnitReportReporter -->
<testsuite skipped="0" hostname="C100-17" name="configuration.TestConfig" tests="1" failures="0" timestamp="01 Aug 2018 10:02:25 GMT" time="14.352" errors="0">
  <testcase name="login" time="14.352" classname="configuration.TestConfig"/>
</testsuite> <!-- configuration.TestConfig -->
