<?xml version="1.0" encoding="UTF-8"?>
<!-- Generated by org.testng.reporters.JUnitReportReporter -->
<testsuite skipped="1" hostname="C100-17" name="data.driven.A" tests="1" failures="0" timestamp="23 Jul 2018 07:17:54 GMT" time="0.000" errors="0">
  <testcase name="login" time="0.000" classname="data.driven.A">
    <skipped/>
  </testcase> <!-- login -->
</testsuite> <!-- data.driven.A -->
