<?xml version="1.0" encoding="UTF-8"?>
<!-- Generated by org.testng.reporters.JUnitReportReporter -->
<testsuite skipped="0" hostname="C100-17" name="Drop1" tests="1" failures="0" timestamp="18 Jun 2018 05:36:43 GMT" time="8.345" errors="0">
  <testcase name="test" time="8.345" classname="Drop1"/>
</testsuite> <!-- Drop1 -->
