<?xml version="1.0" encoding="UTF-8"?>
<!-- Generated by org.testng.reporters.JUnitReportReporter -->
<testsuite skipped="0" hostname="C100-17" name="TestBaseClass" tests="2" failures="0" timestamp="14 May 2018 09:45:53 GMT" time="11.671" errors="0">
  <testcase name="browserStart" time="8.370" classname="TestBaseClass"/>
  <testcase name="run" time="3.301" classname="TestBaseClass"/>
</testsuite> <!-- TestBaseClass -->
