<?xml version="1.0" encoding="UTF-8"?>
<!-- Generated by org.testng.reporters.JUnitReportReporter -->
<testsuite skipped="0" hostname="C100-17" name="SSSSSS" tests="1" failures="0" timestamp="30 May 2018 12:06:11 GMT" time="8.951" errors="0">
  <testcase name="A" time="8.951" classname="SSSSSS"/>
</testsuite> <!-- SSSSSS -->
