<?xml version="1.0" encoding="UTF-8"?>
<!-- Generated by org.testng.reporters.JUnitReportReporter -->
<testsuite skipped="0" hostname="C100-17" name="testcases.LoginTest" tests="1" failures="0" timestamp="18 May 2018 12:30:00 GMT" time="13.259" errors="0">
  <testcase name="run" time="13.259" classname="testcases.LoginTest"/>
</testsuite> <!-- testcases.LoginTest -->
