<?xml version="1.0" encoding="UTF-8"?>
<!-- Generated by org.testng.reporters.JUnitReportReporter -->
<testsuite skipped="0" hostname="C100-17" name="sikuli.SikuliTest" tests="1" failures="0" timestamp="19 Sep 2018 12:15:45 GMT" time="56.784" errors="0">
  <testcase name="sikuli_test" time="56.784" classname="sikuli.SikuliTest"/>
</testsuite> <!-- sikuli.SikuliTest -->
