<?xml version="1.0" encoding="UTF-8"?>
<!-- Generated by org.testng.reporters.JUnitReportReporter -->
<testsuite skipped="0" hostname="C100-17" name="DynamicTable" tests="1" failures="0" timestamp="14 May 2018 04:54:17 GMT" time="7.292" errors="0">
  <testcase name="handleTable" time="7.292" classname="DynamicTable"/>
</testsuite> <!-- DynamicTable -->
