<?xml version="1.0" encoding="UTF-8"?>
<!-- Generated by org.testng.reporters.JUnitReportReporter -->
<testsuite skipped="0" hostname="C100-17" name="ScreenShot" tests="1" failures="0" timestamp="30 May 2018 07:14:59 GMT" time="7.654" errors="0">
  <testcase name="scrren_Test" time="7.654" classname="ScreenShot"/>
</testsuite> <!-- ScreenShot -->
