<?xml version="1.0" encoding="UTF-8"?>
<!-- Generated by org.testng.reporters.JUnitReportReporter -->
<testsuite skipped="0" hostname="C100-17" name="Practice" tests="1" failures="0" timestamp="21 Jun 2018 12:06:52 GMT" time="37.891" errors="0">
  <testcase name="run" time="37.891" classname="Practice"/>
</testsuite> <!-- Practice -->
