<?xml version="1.0" encoding="UTF-8"?>
<!-- Generated by org.testng.reporters.JUnitReportReporter -->
<testsuite skipped="0" hostname="C100-17" name="WebTable" tests="1" failures="0" timestamp="13 Jun 2018 05:32:26 GMT" time="4.363" errors="0">
  <testcase name="demo_table" time="4.363" classname="WebTable"/>
</testsuite> <!-- WebTable -->
