<?xml version="1.0" encoding="UTF-8"?>
<!-- Generated by org.testng.reporters.JUnitReportReporter -->
<testsuite skipped="0" hostname="C100-17" name="Extent" tests="1" failures="0" timestamp="18 Jun 2018 11:50:41 GMT" time="17.485" errors="0">
  <testcase name="test" time="17.485" classname="Extent"/>
</testsuite> <!-- Extent -->
