<?xml version="1.0" encoding="UTF-8"?>
<!-- Generated by org.testng.reporters.JUnitReportReporter -->
<testsuite skipped="0" hostname="C100-17" name="ExplicitWait" tests="1" failures="0" timestamp="14 May 2018 06:48:28 GMT" time="19.512" errors="0">
  <testcase name="explicit_wait_demo" time="19.512" classname="ExplicitWait"/>
</testsuite> <!-- ExplicitWait -->
