<?xml version="1.0" encoding="UTF-8"?>
<!-- Generated by org.testng.reporters.JUnitReportReporter -->
<testsuite skipped="0" hostname="C100-17" name="Passwordecode" tests="1" failures="0" timestamp="31 May 2018 11:11:08 GMT" time="25.052" errors="0">
  <testcase name="test1" time="25.052" classname="Passwordecode"/>
</testsuite> <!-- Passwordecode -->
