<?xml version="1.0" encoding="UTF-8"?>
<!-- Generated by org.testng.reporters.JUnitReportReporter -->
<testsuite skipped="0" hostname="C100-17" name="demo.scree.shot.MultipleScreenShot" tests="1" failures="0" timestamp="28 May 2018 11:16:32 GMT" time="6.479" errors="0">
  <testcase name="main" time="6.479" classname="demo.scree.shot.MultipleScreenShot"/>
</testsuite> <!-- demo.scree.shot.MultipleScreenShot -->
