<?xml version="1.0" encoding="UTF-8"?>
<!-- Generated by org.testng.reporters.JUnitReportReporter -->
<testsuite skipped="0" hostname="C100-17" name="demo.scree.shot.TakeScreenshot" tests="1" failures="0" timestamp="28 May 2018 11:01:37 GMT" time="11.700" errors="0">
  <testcase name="capturedScreenShot" time="11.700" classname="demo.scree.shot.TakeScreenshot"/>
</testsuite> <!-- demo.scree.shot.TakeScreenshot -->
